# JRE version: OpenJDK Runtime Environment Temurin-21.0.7+6 (21.0.7+6) (build 21.0.7+6-LTS)
# Java VM: OpenJDK 64-Bit Server VM Temurin-21.0.7+6 (21.0.7+6-LTS, mixed mode, sharing, tiered, compressed oops, compressed class ptrs, parallel gc, windows-amd64)
GC Precious Log:
 CardTable entry size: 512
 CPUs: 8 total, 8 available
 Memory: 7859M
 Large Page Support: Disabled
 NUMA Support: Disabled
 Compressed Oops: Enabled (32-bit)
 Alignments: Space 512K, Generation 512K, Heap 2M
 Heap Min Capacity: 100M
 Heap Initial Capacity: 100M
 Heap Max Capacity: 1G
 Pre-touch: Disabled
 Parallel Workers: 8
Heap:
 PSYoungGen      total 5632K, used 0K [0x00000000eab00000, 0x00000000eb200000, 0x0000000100000000)
  eden space 5120K, 0% used [0x00000000eab00000,0x00000000eab00000,0x00000000eb000000)
  from space 512K, 0% used [0x00000000eb180000,0x00000000eb180000,0x00000000eb200000)
  to   space 512K, 0% used [0x00000000eb100000,0x00000000eb100000,0x00000000eb180000)
 ParOldGen       total 450560K, used 450226K [0x00000000c0000000, 0x00000000db800000, 0x00000000eab00000)
  object space 450560K, 99% used [0x00000000c0000000,0x00000000db7acb08,0x00000000db800000)
 Metaspace       used 63835K, committed 65344K, reserved 1114112K
  class space    used 6528K, committed 7232K, reserved 1048576K
GC Heap History (20 events):
Event: 73.679 GC heap before
{Heap before GC invocations=270 (full 3):
 PSYoungGen      total 7168K, used 6999K [0x00000000eab00000, 0x00000000eb600000, 0x0000000100000000)
  eden space 4096K, 100% used [0x00000000eab00000,0x00000000eaf00000,0x00000000eaf00000)
  from space 3072K, 94% used [0x00000000eb300000,0x00000000eb5d5da0,0x00000000eb600000)
  to   space 3584K, 0% used [0x00000000eaf00000,0x00000000eaf00000,0x00000000eb280000)
 ParOldGen       total 401920K, used 401677K [0x00000000c0000000, 0x00000000d8880000, 0x00000000eab00000)
  object space 401920K, 99% used [0x00000000c0000000,0x00000000d8843648,0x00000000d8880000)
 Metaspace       used 62027K, committed 63424K, reserved 1114112K
  class space    used 6337K, committed 6912K, reserved 1048576K
}
Event: 73.685 GC heap after
{Heap after GC invocations=270 (full 3):
 PSYoungGen      total 7680K, used 3582K [0x00000000eab00000, 0x00000000ebb00000, 0x0000000100000000)
  eden space 4096K, 0% used [0x00000000eab00000,0x00000000eab00000,0x00000000eaf00000)
  from space 3584K, 99% used [0x00000000eaf00000,0x00000000eb27fb48,0x00000000eb280000)
  to   space 5632K, 0% used [0x00000000eb580000,0x00000000eb580000,0x00000000ebb00000)
 ParOldGen       total 403456K, used 402949K [0x00000000c0000000, 0x00000000d8a00000, 0x00000000eab00000)
  object space 403456K, 99% used [0x00000000c0000000,0x00000000d8981648,0x00000000d8a00000)
 Metaspace       used 62027K, committed 63424K, reserved 1114112K
  class space    used 6337K, committed 6912K, reserved 1048576K
}
Event: 74.086 GC heap before
{Heap before GC invocations=271 (full 3):
 PSYoungGen      total 7680K, used 7678K [0x00000000eab00000, 0x00000000ebb00000, 0x0000000100000000)
  eden space 4096K, 100% used [0x00000000eab00000,0x00000000eaf00000,0x00000000eaf00000)
  from space 3584K, 99% used [0x00000000eaf00000,0x00000000eb27fb48,0x00000000eb280000)
  to   space 5632K, 0% used [0x00000000eb580000,0x00000000eb580000,0x00000000ebb00000)
 ParOldGen       total 403456K, used 402949K [0x00000000c0000000, 0x00000000d8a00000, 0x00000000eab00000)
  object space 403456K, 99% used [0x00000000c0000000,0x00000000d8981648,0x00000000d8a00000)
 Metaspace       used 62051K, committed 63424K, reserved 1114112K
  class space    used 6341K, committed 6912K, reserved 1048576K
}
Event: 74.097 GC heap after
{Heap after GC invocations=271 (full 3):
 PSYoungGen      total 6144K, used 1882K [0x00000000eab00000, 0x00000000eb780000, 0x0000000100000000)
  eden space 4096K, 0% used [0x00000000eab00000,0x00000000eab00000,0x00000000eaf00000)
  from space 2048K, 91% used [0x00000000eb580000,0x00000000eb756958,0x00000000eb780000)
  to   space 3072K, 0% used [0x00000000eb180000,0x00000000eb180000,0x00000000eb480000)
 ParOldGen       total 406016K, used 405851K [0x00000000c0000000, 0x00000000d8c80000, 0x00000000eab00000)
  object space 406016K, 99% used [0x00000000c0000000,0x00000000d8c56cd0,0x00000000d8c80000)
 Metaspace       used 62051K, committed 63424K, reserved 1114112K
  class space    used 6341K, committed 6912K, reserved 1048576K
}
Event: 74.334 GC heap before
{Heap before GC invocations=272 (full 3):
 PSYoungGen      total 6144K, used 5978K [0x00000000eab00000, 0x00000000eb780000, 0x0000000100000000)
  eden space 4096K, 100% used [0x00000000eab00000,0x00000000eaf00000,0x00000000eaf00000)
  from space 2048K, 91% used [0x00000000eb580000,0x00000000eb756958,0x00000000eb780000)
  to   space 3072K, 0% used [0x00000000eb180000,0x00000000eb180000,0x00000000eb480000)
 ParOldGen       total 406016K, used 405851K [0x00000000c0000000, 0x00000000d8c80000, 0x00000000eab00000)
  object space 406016K, 99% used [0x00000000c0000000,0x00000000d8c56cd0,0x00000000d8c80000)
 Metaspace       used 62141K, committed 63552K, reserved 1114112K
  class space    used 6354K, committed 6976K, reserved 1048576K
}
Event: 74.341 GC heap after
{Heap after GC invocations=272 (full 3):
 PSYoungGen      total 7168K, used 3053K [0x00000000eab00000, 0x00000000eba00000, 0x0000000100000000)
  eden space 4096K, 0% used [0x00000000eab00000,0x00000000eab00000,0x00000000eaf00000)
  from space 3072K, 99% used [0x00000000eb180000,0x00000000eb47b7e0,0x00000000eb480000)
  to   space 5632K, 0% used [0x00000000eb480000,0x00000000eb480000,0x00000000eba00000)
 ParOldGen       total 408064K, used 407589K [0x00000000c0000000, 0x00000000d8e80000, 0x00000000eab00000)
  object space 408064K, 99% used [0x00000000c0000000,0x00000000d8e09628,0x00000000d8e80000)
 Metaspace       used 62141K, committed 63552K, reserved 1114112K
  class space    used 6354K, committed 6976K, reserved 1048576K
}
Event: 74.489 GC heap before
{Heap before GC invocations=273 (full 3):
 PSYoungGen      total 7168K, used 7141K [0x00000000eab00000, 0x00000000eba00000, 0x0000000100000000)
  eden space 4096K, 99% used [0x00000000eab00000,0x00000000eaefdf10,0x00000000eaf00000)
  from space 3072K, 99% used [0x00000000eb180000,0x00000000eb47b7e0,0x00000000eb480000)
  to   space 5632K, 0% used [0x00000000eb480000,0x00000000eb480000,0x00000000eba00000)
 ParOldGen       total 408064K, used 407589K [0x00000000c0000000, 0x00000000d8e80000, 0x00000000eab00000)
  object space 408064K, 99% used [0x00000000c0000000,0x00000000d8e09628,0x00000000d8e80000)
 Metaspace       used 62441K, committed 63872K, reserved 1114112K
  class space    used 6388K, committed 6976K, reserved 1048576K
}
Event: 74.492 GC heap after
{Heap after GC invocations=273 (full 3):
 PSYoungGen      total 4608K, used 336K [0x00000000eab00000, 0x00000000eb500000, 0x0000000100000000)
  eden space 4096K, 0% used [0x00000000eab00000,0x00000000eab00000,0x00000000eaf00000)
  from space 512K, 65% used [0x00000000eb480000,0x00000000eb4d4030,0x00000000eb500000)
  to   space 2048K, 0% used [0x00000000eb100000,0x00000000eb100000,0x00000000eb300000)
 ParOldGen       total 408064K, used 407683K [0x00000000c0000000, 0x00000000d8e80000, 0x00000000eab00000)
  object space 408064K, 99% used [0x00000000c0000000,0x00000000d8e20fa8,0x00000000d8e80000)
 Metaspace       used 62441K, committed 63872K, reserved 1114112K
  class space    used 6388K, committed 6976K, reserved 1048576K
}
Event: 74.558 GC heap before
{Heap before GC invocations=274 (full 3):
 PSYoungGen      total 4608K, used 4432K [0x00000000eab00000, 0x00000000eb500000, 0x0000000100000000)
  eden space 4096K, 100% used [0x00000000eab00000,0x00000000eaf00000,0x00000000eaf00000)
  from space 512K, 65% used [0x00000000eb480000,0x00000000eb4d4030,0x00000000eb500000)
  to   space 2048K, 0% used [0x00000000eb100000,0x00000000eb100000,0x00000000eb300000)
 ParOldGen       total 408064K, used 407683K [0x00000000c0000000, 0x00000000d8e80000, 0x00000000eab00000)
  object space 408064K, 99% used [0x00000000c0000000,0x00000000d8e20fa8,0x00000000d8e80000)
 Metaspace       used 62764K, committed 64256K, reserved 1114112K
  class space    used 6414K, committed 7104K, reserved 1048576K
}
Event: 74.561 GC heap after
{Heap after GC invocations=274 (full 3):
 PSYoungGen      total 6144K, used 1607K [0x00000000eab00000, 0x00000000eb500000, 0x0000000100000000)
  eden space 4096K, 0% used [0x00000000eab00000,0x00000000eab00000,0x00000000eaf00000)
  from space 2048K, 78% used [0x00000000eb100000,0x00000000eb291f40,0x00000000eb300000)
  to   space 2048K, 0% used [0x00000000eb300000,0x00000000eb300000,0x00000000eb500000)
 ParOldGen       total 408064K, used 407859K [0x00000000c0000000, 0x00000000d8e80000, 0x00000000eab00000)
  object space 408064K, 99% used [0x00000000c0000000,0x00000000d8e4cfd8,0x00000000d8e80000)
 Metaspace       used 62764K, committed 64256K, reserved 1114112K
  class space    used 6414K, committed 7104K, reserved 1048576K
}
Event: 74.608 GC heap before
{Heap before GC invocations=275 (full 3):
 PSYoungGen      total 6144K, used 4565K [0x00000000eab00000, 0x00000000eb500000, 0x0000000100000000)
  eden space 4096K, 72% used [0x00000000eab00000,0x00000000eade36e8,0x00000000eaf00000)
  from space 2048K, 78% used [0x00000000eb100000,0x00000000eb291f40,0x00000000eb300000)
  to   space 2048K, 0% used [0x00000000eb300000,0x00000000eb300000,0x00000000eb500000)
 ParOldGen       total 408064K, used 407859K [0x00000000c0000000, 0x00000000d8e80000, 0x00000000eab00000)
  object space 408064K, 99% used [0x00000000c0000000,0x00000000d8e4cfd8,0x00000000d8e80000)
 Metaspace       used 63173K, committed 64704K, reserved 1114112K
  class space    used 6448K, committed 7104K, reserved 1048576K
}
Event: 74.615 GC heap after
{Heap after GC invocations=275 (full 3):
 PSYoungGen      total 5120K, used 836K [0x00000000eab00000, 0x00000000eb400000, 0x0000000100000000)
  eden space 4096K, 0% used [0x00000000eab00000,0x00000000eab00000,0x00000000eaf00000)
  from space 1024K, 81% used [0x00000000eb300000,0x00000000eb3d1268,0x00000000eb400000)
  to   space 1536K, 0% used [0x00000000eb100000,0x00000000eb100000,0x00000000eb280000)
 ParOldGen       total 409600K, used 409297K [0x00000000c0000000, 0x00000000d9000000, 0x00000000eab00000)
  object space 409600K, 99% used [0x00000000c0000000,0x00000000d8fb46e0,0x00000000d9000000)
 Metaspace       used 63173K, committed 64704K, reserved 1114112K
  class space    used 6448K, committed 7104K, reserved 1048576K
}
Event: 74.690 GC heap before
{Heap before GC invocations=276 (full 3):
 PSYoungGen      total 5120K, used 4932K [0x00000000eab00000, 0x00000000eb400000, 0x0000000100000000)
  eden space 4096K, 100% used [0x00000000eab00000,0x00000000eaf00000,0x00000000eaf00000)
  from space 1024K, 81% used [0x00000000eb300000,0x00000000eb3d1268,0x00000000eb400000)
  to   space 1536K, 0% used [0x00000000eb100000,0x00000000eb100000,0x00000000eb280000)
 ParOldGen       total 409600K, used 409297K [0x00000000c0000000, 0x00000000d9000000, 0x00000000eab00000)
  object space 409600K, 99% used [0x00000000c0000000,0x00000000d8fb46e0,0x00000000d9000000)
 Metaspace       used 63369K, committed 64896K, reserved 1114112K
  class space    used 6471K, committed 7168K, reserved 1048576K
}
Event: 74.695 GC heap after
{Heap after GC invocations=276 (full 3):
 PSYoungGen      total 5632K, used 1513K [0x00000000eab00000, 0x00000000eb500000, 0x0000000100000000)
  eden space 4096K, 0% used [0x00000000eab00000,0x00000000eab00000,0x00000000eaf00000)
  from space 1536K, 98% used [0x00000000eb100000,0x00000000eb27a790,0x00000000eb280000)
  to   space 2560K, 0% used [0x00000000eb280000,0x00000000eb280000,0x00000000eb500000)
 ParOldGen       total 410624K, used 410116K [0x00000000c0000000, 0x00000000d9100000, 0x00000000eab00000)
  object space 410624K, 99% used [0x00000000c0000000,0x00000000d9081250,0x00000000d9100000)
 Metaspace       used 63369K, committed 64896K, reserved 1114112K
  class space    used 6471K, committed 7168K, reserved 1048576K
}
Event: 74.825 GC heap before
{Heap before GC invocations=277 (full 3):
 PSYoungGen      total 5632K, used 5338K [0x00000000eab00000, 0x00000000eb500000, 0x0000000100000000)
  eden space 4096K, 93% used [0x00000000eab00000,0x00000000eaebc120,0x00000000eaf00000)
  from space 1536K, 98% used [0x00000000eb100000,0x00000000eb27a790,0x00000000eb280000)
  to   space 2560K, 0% used [0x00000000eb280000,0x00000000eb280000,0x00000000eb500000)
 ParOldGen       total 410624K, used 410116K [0x00000000c0000000, 0x00000000d9100000, 0x00000000eab00000)
  object space 410624K, 99% used [0x00000000c0000000,0x00000000d9081250,0x00000000d9100000)
 Metaspace       used 63463K, committed 64960K, reserved 1114112K
  class space    used 6482K, committed 7168K, reserved 1048576K
}
Event: 74.831 GC heap after
{Heap after GC invocations=277 (full 3):
 PSYoungGen      total 6656K, used 2201K [0x00000000eab00000, 0x00000000eb500000, 0x0000000100000000)
  eden space 4096K, 0% used [0x00000000eab00000,0x00000000eab00000,0x00000000eaf00000)
  from space 2560K, 85% used [0x00000000eb280000,0x00000000eb4a6510,0x00000000eb500000)
  to   space 2560K, 0% used [0x00000000eb000000,0x00000000eb000000,0x00000000eb280000)
 ParOldGen       total 410624K, used 410279K [0x00000000c0000000, 0x00000000d9100000, 0x00000000eab00000)
  object space 410624K, 99% used [0x00000000c0000000,0x00000000d90a9cb0,0x00000000d9100000)
 Metaspace       used 63463K, committed 64960K, reserved 1114112K
  class space    used 6482K, committed 7168K, reserved 1048576K
}
Event: 74.855 GC heap before
{Heap before GC invocations=278 (full 3):
 PSYoungGen      total 6656K, used 6297K [0x00000000eab00000, 0x00000000eb500000, 0x0000000100000000)
  eden space 4096K, 100% used [0x00000000eab00000,0x00000000eaf00000,0x00000000eaf00000)
  from space 2560K, 85% used [0x00000000eb280000,0x00000000eb4a6510,0x00000000eb500000)
  to   space 2560K, 0% used [0x00000000eb000000,0x00000000eb000000,0x00000000eb280000)
 ParOldGen       total 414720K, used 414109K [0x00000000c0000000, 0x00000000d9500000, 0x00000000eab00000)
  object space 414720K, 99% used [0x00000000c0000000,0x00000000d94674c0,0x00000000d9500000)
 Metaspace       used 63488K, committed 65024K, reserved 1114112K
  class space    used 6484K, committed 7168K, reserved 1048576K
}
Event: 74.860 GC heap after
{Heap after GC invocations=278 (full 3):
 PSYoungGen      total 4608K, used 432K [0x00000000eab00000, 0x00000000eb300000, 0x0000000100000000)
  eden space 4096K, 0% used [0x00000000eab00000,0x00000000eab00000,0x00000000eaf00000)
  from space 512K, 84% used [0x00000000eb000000,0x00000000eb06c010,0x00000000eb080000)
  to   space 1536K, 0% used [0x00000000eb180000,0x00000000eb180000,0x00000000eb300000)
 ParOldGen       total 416256K, used 415959K [0x00000000c0000000, 0x00000000d9680000, 0x00000000eab00000)
  object space 416256K, 99% used [0x00000000c0000000,0x00000000d9635c40,0x00000000d9680000)
 Metaspace       used 63488K, committed 65024K, reserved 1114112K
  class space    used 6484K, committed 7168K, reserved 1048576K
}
Event: 75.532 GC heap before
{Heap before GC invocations=279 (full 3):
 PSYoungGen      total 4608K, used 4527K [0x00000000eab00000, 0x00000000eb300000, 0x0000000100000000)
  eden space 4096K, 99% used [0x00000000eab00000,0x00000000eaeffea8,0x00000000eaf00000)
  from space 512K, 84% used [0x00000000eb000000,0x00000000eb06c010,0x00000000eb080000)
  to   space 1536K, 0% used [0x00000000eb180000,0x00000000eb180000,0x00000000eb300000)
 ParOldGen       total 439296K, used 438939K [0x00000000c0000000, 0x00000000dad00000, 0x00000000eab00000)
  object space 439296K, 99% used [0x00000000c0000000,0x00000000daca6c60,0x00000000dad00000)
 Metaspace       used 63735K, committed 65216K, reserved 1114112K
  class space    used 6514K, committed 7168K, reserved 1048576K
}
Event: 75.535 GC heap after
{Heap after GC invocations=279 (full 3):
 PSYoungGen      total 4608K, used 224K [0x00000000eab00000, 0x00000000eb200000, 0x0000000100000000)
  eden space 4096K, 0% used [0x00000000eab00000,0x00000000eab00000,0x00000000eaf00000)
  from space 512K, 43% used [0x00000000eb180000,0x00000000eb1b8000,0x00000000eb200000)
  to   space 512K, 0% used [0x00000000eb000000,0x00000000eb000000,0x00000000eb080000)
 ParOldGen       total 439296K, used 439067K [0x00000000c0000000, 0x00000000dad00000, 0x00000000eab00000)
  object space 439296K, 99% used [0x00000000c0000000,0x00000000dacc6c60,0x00000000dad00000)
 Metaspace       used 63735K, committed 65216K, reserved 1114112K
  class space    used 6514K, committed 7168K, reserved 1048576K
}

