# JRE version: OpenJDK Runtime Environment Temurin-21.0.7+6 (21.0.7+6) (build 21.0.7+6-LTS)
# Java VM: OpenJDK 64-Bit Server VM Temurin-21.0.7+6 (21.0.7+6-LTS, mixed mode, sharing, tiered, compressed oops, compressed class ptrs, parallel gc, windows-amd64)
GC Precious Log:
 CardTable entry size: 512
 CPUs: 8 total, 8 available
 Memory: 7859M
 Large Page Support: Disabled
 NUMA Support: Disabled
 Compressed Oops: Enabled (32-bit)
 Alignments: Space 512K, Generation 512K, Heap 2M
 Heap Min Capacity: 100M
 Heap Initial Capacity: 100M
 Heap Max Capacity: 1G
 Pre-touch: Disabled
 Parallel Workers: 8
Heap:
 PSYoungGen      total 23040K, used 13438K [0x00000000eab00000, 0x00000000ed780000, 0x0000000100000000)
  eden space 14848K, 90% used [0x00000000eab00000,0x00000000eb81f918,0x00000000eb980000)
  from space 8192K, 0% used [0x00000000eba80000,0x00000000eba80000,0x00000000ec280000)
  to   space 15360K, 0% used [0x00000000ec880000,0x00000000ec880000,0x00000000ed780000)
 ParOldGen       total 337408K, used 184913K [0x00000000c0000000, 0x00000000d4980000, 0x00000000eab00000)
  object space 337408K, 54% used [0x00000000c0000000,0x00000000cb494510,0x00000000d4980000)
 Metaspace       used 63748K, committed 65088K, reserved 1114112K
  class space    used 6553K, committed 7168K, reserved 1048576K
GC Heap History (20 events):
Event: 32.340 GC heap before
{Heap before GC invocations=290 (full 6):
 PSYoungGen      total 19456K, used 19454K [0x00000000eab00000, 0x00000000ed000000, 0x0000000100000000)
  eden space 11776K, 100% used [0x00000000eab00000,0x00000000eb680000,0x00000000eb680000)
  from space 7680K, 99% used [0x00000000eb680000,0x00000000ebdff940,0x00000000ebe00000)
  to   space 12800K, 0% used [0x00000000ec380000,0x00000000ec380000,0x00000000ed000000)
 ParOldGen       total 293888K, used 293483K [0x00000000c0000000, 0x00000000d1f00000, 0x00000000eab00000)
  object space 293888K, 99% used [0x00000000c0000000,0x00000000d1e9ad70,0x00000000d1f00000)
 Metaspace       used 61698K, committed 62976K, reserved 1114112K
  class space    used 6340K, committed 6912K, reserved 1048576K
}
Event: 32.348 GC heap after
{Heap after GC invocations=290 (full 6):
 PSYoungGen      total 22016K, used 8940K [0x00000000eab00000, 0x00000000ecc80000, 0x0000000100000000)
  eden space 12800K, 0% used [0x00000000eab00000,0x00000000eab00000,0x00000000eb780000)
  from space 9216K, 97% used [0x00000000ec380000,0x00000000ecc3b210,0x00000000ecc80000)
  to   space 10240K, 0% used [0x00000000eb880000,0x00000000eb880000,0x00000000ec280000)
 ParOldGen       total 297472K, used 297465K [0x00000000c0000000, 0x00000000d2280000, 0x00000000eab00000)
  object space 297472K, 99% used [0x00000000c0000000,0x00000000d227e750,0x00000000d2280000)
 Metaspace       used 61698K, committed 62976K, reserved 1114112K
  class space    used 6340K, committed 6912K, reserved 1048576K
}
Event: 32.497 GC heap before
{Heap before GC invocations=291 (full 6):
 PSYoungGen      total 22016K, used 21399K [0x00000000eab00000, 0x00000000ecc80000, 0x0000000100000000)
  eden space 12800K, 97% used [0x00000000eab00000,0x00000000eb72ab68,0x00000000eb780000)
  from space 9216K, 97% used [0x00000000ec380000,0x00000000ecc3b210,0x00000000ecc80000)
  to   space 10240K, 0% used [0x00000000eb880000,0x00000000eb880000,0x00000000ec280000)
 ParOldGen       total 297472K, used 297465K [0x00000000c0000000, 0x00000000d2280000, 0x00000000eab00000)
  object space 297472K, 99% used [0x00000000c0000000,0x00000000d227e750,0x00000000d2280000)
 Metaspace       used 61699K, committed 62976K, reserved 1114112K
  class space    used 6340K, committed 6912K, reserved 1048576K
}
Event: 32.511 GC heap after
{Heap after GC invocations=291 (full 6):
 PSYoungGen      total 23552K, used 10239K [0x00000000eab00000, 0x00000000ede00000, 0x0000000100000000)
  eden space 13312K, 0% used [0x00000000eab00000,0x00000000eab00000,0x00000000eb800000)
  from space 10240K, 99% used [0x00000000eb880000,0x00000000ec27fc70,0x00000000ec280000)
  to   space 19456K, 0% used [0x00000000ecb00000,0x00000000ecb00000,0x00000000ede00000)
 ParOldGen       total 305152K, used 305034K [0x00000000c0000000, 0x00000000d2a00000, 0x00000000eab00000)
  object space 305152K, 99% used [0x00000000c0000000,0x00000000d29e2848,0x00000000d2a00000)
 Metaspace       used 61699K, committed 62976K, reserved 1114112K
  class space    used 6340K, committed 6912K, reserved 1048576K
}
Event: 32.674 GC heap before
{Heap before GC invocations=292 (full 6):
 PSYoungGen      total 23552K, used 23551K [0x00000000eab00000, 0x00000000ede00000, 0x0000000100000000)
  eden space 13312K, 100% used [0x00000000eab00000,0x00000000eb800000,0x00000000eb800000)
  from space 10240K, 99% used [0x00000000eb880000,0x00000000ec27fc70,0x00000000ec280000)
  to   space 19456K, 0% used [0x00000000ecb00000,0x00000000ecb00000,0x00000000ede00000)
 ParOldGen       total 305152K, used 305034K [0x00000000c0000000, 0x00000000d2a00000, 0x00000000eab00000)
  object space 305152K, 99% used [0x00000000c0000000,0x00000000d29e2848,0x00000000d2a00000)
 Metaspace       used 61699K, committed 62976K, reserved 1114112K
  class space    used 6340K, committed 6912K, reserved 1048576K
}
Event: 32.688 GC heap after
{Heap after GC invocations=292 (full 6):
 PSYoungGen      total 31232K, used 16417K [0x00000000eab00000, 0x00000000edb80000, 0x0000000100000000)
  eden space 14336K, 0% used [0x00000000eab00000,0x00000000eab00000,0x00000000eb900000)
  from space 16896K, 97% used [0x00000000ecb00000,0x00000000edb086f0,0x00000000edb80000)
  to   space 16896K, 0% used [0x00000000eba80000,0x00000000eba80000,0x00000000ecb00000)
 ParOldGen       total 308736K, used 308484K [0x00000000c0000000, 0x00000000d2d80000, 0x00000000eab00000)
  object space 308736K, 99% used [0x00000000c0000000,0x00000000d2d41360,0x00000000d2d80000)
 Metaspace       used 61699K, committed 62976K, reserved 1114112K
  class space    used 6340K, committed 6912K, reserved 1048576K
}
Event: 32.840 GC heap before
{Heap before GC invocations=293 (full 6):
 PSYoungGen      total 31232K, used 30753K [0x00000000eab00000, 0x00000000edb80000, 0x0000000100000000)
  eden space 14336K, 100% used [0x00000000eab00000,0x00000000eb900000,0x00000000eb900000)
  from space 16896K, 97% used [0x00000000ecb00000,0x00000000edb086f0,0x00000000edb80000)
  to   space 16896K, 0% used [0x00000000eba80000,0x00000000eba80000,0x00000000ecb00000)
 ParOldGen       total 308736K, used 308484K [0x00000000c0000000, 0x00000000d2d80000, 0x00000000eab00000)
  object space 308736K, 99% used [0x00000000c0000000,0x00000000d2d41360,0x00000000d2d80000)
 Metaspace       used 61699K, committed 62976K, reserved 1114112K
  class space    used 6340K, committed 6912K, reserved 1048576K
}
Event: 32.855 GC heap after
{Heap after GC invocations=293 (full 6):
 PSYoungGen      total 31232K, used 16875K [0x00000000eab00000, 0x00000000edb80000, 0x0000000100000000)
  eden space 14336K, 0% used [0x00000000eab00000,0x00000000eab00000,0x00000000eb900000)
  from space 16896K, 99% used [0x00000000eba80000,0x00000000ecafac48,0x00000000ecb00000)
  to   space 16896K, 0% used [0x00000000ecb00000,0x00000000ecb00000,0x00000000edb80000)
 ParOldGen       total 319488K, used 319360K [0x00000000c0000000, 0x00000000d3800000, 0x00000000eab00000)
  object space 319488K, 99% used [0x00000000c0000000,0x00000000d37e0360,0x00000000d3800000)
 Metaspace       used 61699K, committed 62976K, reserved 1114112K
  class space    used 6340K, committed 6912K, reserved 1048576K
}
Event: 33.053 GC heap before
{Heap before GC invocations=294 (full 6):
 PSYoungGen      total 31232K, used 31172K [0x00000000eab00000, 0x00000000edb80000, 0x0000000100000000)
  eden space 14336K, 99% used [0x00000000eab00000,0x00000000eb8f64e8,0x00000000eb900000)
  from space 16896K, 99% used [0x00000000eba80000,0x00000000ecafac48,0x00000000ecb00000)
  to   space 16896K, 0% used [0x00000000ecb00000,0x00000000ecb00000,0x00000000edb80000)
 ParOldGen       total 319488K, used 319360K [0x00000000c0000000, 0x00000000d3800000, 0x00000000eab00000)
  object space 319488K, 99% used [0x00000000c0000000,0x00000000d37e0360,0x00000000d3800000)
 Metaspace       used 61722K, committed 63040K, reserved 1114112K
  class space    used 6340K, committed 6912K, reserved 1048576K
}
Event: 33.074 GC heap after
{Heap after GC invocations=294 (full 6):
 PSYoungGen      total 31232K, used 31172K [0x00000000eab00000, 0x00000000edb80000, 0x0000000100000000)
  eden space 14336K, 99% used [0x00000000eab00000,0x00000000eb8f64e8,0x00000000eb900000)
  from space 16896K, 99% used [0x00000000eba80000,0x00000000ecafac48,0x00000000ecb00000)
  to   space 16896K, 99% used [0x00000000ecb00000,0x00000000edb7d940,0x00000000edb80000)
 ParOldGen       total 332288K, used 331814K [0x00000000c0000000, 0x00000000d4480000, 0x00000000eab00000)
  object space 332288K, 99% used [0x00000000c0000000,0x00000000d4409b10,0x00000000d4480000)
 Metaspace       used 61722K, committed 63040K, reserved 1114112K
  class space    used 6340K, committed 6912K, reserved 1048576K
}
Event: 33.074 GC heap before
{Heap before GC invocations=295 (full 7):
 PSYoungGen      total 31232K, used 31172K [0x00000000eab00000, 0x00000000edb80000, 0x0000000100000000)
  eden space 14336K, 99% used [0x00000000eab00000,0x00000000eb8f64e8,0x00000000eb900000)
  from space 16896K, 99% used [0x00000000eba80000,0x00000000ecafac48,0x00000000ecb00000)
  to   space 16896K, 99% used [0x00000000ecb00000,0x00000000edb7d940,0x00000000edb80000)
 ParOldGen       total 332288K, used 331814K [0x00000000c0000000, 0x00000000d4480000, 0x00000000eab00000)
  object space 332288K, 99% used [0x00000000c0000000,0x00000000d4409b10,0x00000000d4480000)
 Metaspace       used 61722K, committed 63040K, reserved 1114112K
  class space    used 6340K, committed 6912K, reserved 1048576K
}
Event: 33.962 GC heap after
{Heap after GC invocations=295 (full 7):
 PSYoungGen      total 31232K, used 0K [0x00000000eab00000, 0x00000000edb80000, 0x0000000100000000)
  eden space 14336K, 0% used [0x00000000eab00000,0x00000000eab00000,0x00000000eb900000)
  from space 16896K, 0% used [0x00000000ecb00000,0x00000000ecb00000,0x00000000edb80000)
  to   space 16896K, 0% used [0x00000000eba80000,0x00000000eba80000,0x00000000ecb00000)
 ParOldGen       total 332288K, used 332097K [0x00000000c0000000, 0x00000000d4480000, 0x00000000eab00000)
  object space 332288K, 99% used [0x00000000c0000000,0x00000000d4450448,0x00000000d4480000)
 Metaspace       used 61722K, committed 63040K, reserved 1114112K
  class space    used 6340K, committed 6912K, reserved 1048576K
}
Event: 34.431 GC heap before
{Heap before GC invocations=296 (full 7):
 PSYoungGen      total 31232K, used 14336K [0x00000000eab00000, 0x00000000edb80000, 0x0000000100000000)
  eden space 14336K, 100% used [0x00000000eab00000,0x00000000eb900000,0x00000000eb900000)
  from space 16896K, 0% used [0x00000000ecb00000,0x00000000ecb00000,0x00000000edb80000)
  to   space 16896K, 0% used [0x00000000eba80000,0x00000000eba80000,0x00000000ecb00000)
 ParOldGen       total 332288K, used 332097K [0x00000000c0000000, 0x00000000d4480000, 0x00000000eab00000)
  object space 332288K, 99% used [0x00000000c0000000,0x00000000d4450448,0x00000000d4480000)
 Metaspace       used 61751K, committed 63040K, reserved 1114112K
  class space    used 6343K, committed 6912K, reserved 1048576K
}
Event: 34.436 GC heap after
{Heap after GC invocations=296 (full 7):
 PSYoungGen      total 23040K, used 7865K [0x00000000eab00000, 0x00000000ed780000, 0x0000000100000000)
  eden space 14848K, 0% used [0x00000000eab00000,0x00000000eab00000,0x00000000eb980000)
  from space 8192K, 96% used [0x00000000eba80000,0x00000000ec22e468,0x00000000ec280000)
  to   space 15360K, 0% used [0x00000000ec880000,0x00000000ec880000,0x00000000ed780000)
 ParOldGen       total 332288K, used 332105K [0x00000000c0000000, 0x00000000d4480000, 0x00000000eab00000)
  object space 332288K, 99% used [0x00000000c0000000,0x00000000d4452448,0x00000000d4480000)
 Metaspace       used 61751K, committed 63040K, reserved 1114112K
  class space    used 6343K, committed 6912K, reserved 1048576K
}
Event: 34.475 GC heap before
{Heap before GC invocations=297 (full 7):
 PSYoungGen      total 23040K, used 22713K [0x00000000eab00000, 0x00000000ed780000, 0x0000000100000000)
  eden space 14848K, 100% used [0x00000000eab00000,0x00000000eb980000,0x00000000eb980000)
  from space 8192K, 96% used [0x00000000eba80000,0x00000000ec22e468,0x00000000ec280000)
  to   space 15360K, 0% used [0x00000000ec880000,0x00000000ec880000,0x00000000ed780000)
 ParOldGen       total 332288K, used 332105K [0x00000000c0000000, 0x00000000d4480000, 0x00000000eab00000)
  object space 332288K, 99% used [0x00000000c0000000,0x00000000d4452448,0x00000000d4480000)
 Metaspace       used 61779K, committed 63040K, reserved 1114112K
  class space    used 6344K, committed 6912K, reserved 1048576K
}
Event: 34.484 GC heap after
{Heap after GC invocations=297 (full 7):
 PSYoungGen      total 30208K, used 15346K [0x00000000eab00000, 0x00000000ed780000, 0x0000000100000000)
  eden space 14848K, 0% used [0x00000000eab00000,0x00000000eab00000,0x00000000eb980000)
  from space 15360K, 99% used [0x00000000ec880000,0x00000000ed77c908,0x00000000ed780000)
  to   space 8192K, 0% used [0x00000000eba80000,0x00000000eba80000,0x00000000ec280000)
 ParOldGen       total 334848K, used 334753K [0x00000000c0000000, 0x00000000d4700000, 0x00000000eab00000)
  object space 334848K, 99% used [0x00000000c0000000,0x00000000d46e86d0,0x00000000d4700000)
 Metaspace       used 61779K, committed 63040K, reserved 1114112K
  class space    used 6344K, committed 6912K, reserved 1048576K
}
Event: 34.618 GC heap before
{Heap before GC invocations=298 (full 7):
 PSYoungGen      total 30208K, used 30194K [0x00000000eab00000, 0x00000000ed780000, 0x0000000100000000)
  eden space 14848K, 100% used [0x00000000eab00000,0x00000000eb980000,0x00000000eb980000)
  from space 15360K, 99% used [0x00000000ec880000,0x00000000ed77c908,0x00000000ed780000)
  to   space 8192K, 0% used [0x00000000eba80000,0x00000000eba80000,0x00000000ec280000)
 ParOldGen       total 334848K, used 334753K [0x00000000c0000000, 0x00000000d4700000, 0x00000000eab00000)
  object space 334848K, 99% used [0x00000000c0000000,0x00000000d46e86d0,0x00000000d4700000)
 Metaspace       used 62274K, committed 63552K, reserved 1114112K
  class space    used 6394K, committed 6976K, reserved 1048576K
}
Event: 34.630 GC heap after
{Heap after GC invocations=298 (full 7):
 PSYoungGen      total 30208K, used 30194K [0x00000000eab00000, 0x00000000ed780000, 0x0000000100000000)
  eden space 14848K, 100% used [0x00000000eab00000,0x00000000eb980000,0x00000000eb980000)
  from space 15360K, 99% used [0x00000000ec880000,0x00000000ed77c908,0x00000000ed780000)
  to   space 8192K, 53% used [0x00000000eba80000,0x00000000ebec0038,0x00000000ec280000)
 ParOldGen       total 337408K, used 336905K [0x00000000c0000000, 0x00000000d4980000, 0x00000000eab00000)
  object space 337408K, 99% used [0x00000000c0000000,0x00000000d49026d0,0x00000000d4980000)
 Metaspace       used 62274K, committed 63552K, reserved 1114112K
  class space    used 6394K, committed 6976K, reserved 1048576K
}
Event: 34.630 GC heap before
{Heap before GC invocations=299 (full 8):
 PSYoungGen      total 30208K, used 30194K [0x00000000eab00000, 0x00000000ed780000, 0x0000000100000000)
  eden space 14848K, 100% used [0x00000000eab00000,0x00000000eb980000,0x00000000eb980000)
  from space 15360K, 99% used [0x00000000ec880000,0x00000000ed77c908,0x00000000ed780000)
  to   space 8192K, 53% used [0x00000000eba80000,0x00000000ebec0038,0x00000000ec280000)
 ParOldGen       total 337408K, used 336905K [0x00000000c0000000, 0x00000000d4980000, 0x00000000eab00000)
  object space 337408K, 99% used [0x00000000c0000000,0x00000000d49026d0,0x00000000d4980000)
 Metaspace       used 62274K, committed 63552K, reserved 1114112K
  class space    used 6394K, committed 6976K, reserved 1048576K
}
Event: 34.725 GC heap after
{Heap after GC invocations=299 (full 8):
 PSYoungGen      total 23040K, used 0K [0x00000000eab00000, 0x00000000ed780000, 0x0000000100000000)
  eden space 14848K, 0% used [0x00000000eab00000,0x00000000eab00000,0x00000000eb980000)
  from space 8192K, 0% used [0x00000000eba80000,0x00000000eba80000,0x00000000ec280000)
  to   space 15360K, 0% used [0x00000000ec880000,0x00000000ec880000,0x00000000ed780000)
 ParOldGen       total 337408K, used 184913K [0x00000000c0000000, 0x00000000d4980000, 0x00000000eab00000)
  object space 337408K, 54% used [0x00000000c0000000,0x00000000cb494510,0x00000000d4980000)
 Metaspace       used 62274K, committed 63552K, reserved 1114112K
  class space    used 6394K, committed 6976K, reserved 1048576K
}

