# JRE version: OpenJDK Runtime Environment Temurin-21.0.7+6 (21.0.7+6) (build 21.0.7+6-LTS)
# Java VM: OpenJDK 64-Bit Server VM Temurin-21.0.7+6 (21.0.7+6-LTS, mixed mode, sharing, tiered, compressed oops, compressed class ptrs, parallel gc, windows-amd64)
GC Precious Log:
 CardTable entry size: 512
 CPUs: 8 total, 8 available
 Memory: 7859M
 Large Page Support: Disabled
 NUMA Support: Disabled
 Compressed Oops: Enabled (32-bit)
 Alignments: Space 512K, Generation 512K, Heap 2M
 Heap Min Capacity: 100M
 Heap Initial Capacity: 100M
 Heap Max Capacity: 1G
 Pre-touch: Disabled
 Parallel Workers: 8
Heap:
 PSYoungGen      total 22016K, used 15826K [0x00000000eab00000, 0x00000000ed380000, 0x0000000100000000)
  eden space 19968K, 70% used [0x00000000eab00000,0x00000000eb8c4b98,0x00000000ebe80000)
  from space 2048K, 84% used [0x00000000ed180000,0x00000000ed330038,0x00000000ed380000)
  to   space 7168K, 0% used [0x00000000ec580000,0x00000000ec580000,0x00000000ecc80000)
 ParOldGen       total 344576K, used 304405K [0x00000000c0000000, 0x00000000d5080000, 0x00000000eab00000)
  object space 344576K, 88% used [0x00000000c0000000,0x00000000d29457d8,0x00000000d5080000)
 Metaspace       used 63953K, committed 65344K, reserved 1114112K
  class space    used 6569K, committed 7168K, reserved 1048576K
GC Heap History (20 events):
Event: 33.835 GC heap before
{Heap before GC invocations=200 (full 4):
 PSYoungGen      total 16384K, used 16372K [0x00000000eab00000, 0x00000000ec880000, 0x0000000100000000)
  eden space 12288K, 100% used [0x00000000eab00000,0x00000000eb700000,0x00000000eb700000)
  from space 4096K, 99% used [0x00000000eb700000,0x00000000ebafd388,0x00000000ebb00000)
  to   space 8704K, 0% used [0x00000000ec000000,0x00000000ec000000,0x00000000ec880000)
 ParOldGen       total 292352K, used 291860K [0x00000000c0000000, 0x00000000d1d80000, 0x00000000eab00000)
  object space 292352K, 99% used [0x00000000c0000000,0x00000000d1d051a8,0x00000000d1d80000)
 Metaspace       used 61822K, committed 63168K, reserved 1114112K
  class space    used 6350K, committed 6912K, reserved 1048576K
}
Event: 33.839 GC heap after
{Heap after GC invocations=200 (full 4):
 PSYoungGen      total 18944K, used 4884K [0x00000000eab00000, 0x00000000ec500000, 0x0000000100000000)
  eden space 13824K, 0% used [0x00000000eab00000,0x00000000eab00000,0x00000000eb880000)
  from space 5120K, 95% used [0x00000000ec000000,0x00000000ec4c51e0,0x00000000ec500000)
  to   space 6144K, 0% used [0x00000000eb900000,0x00000000eb900000,0x00000000ebf00000)
 ParOldGen       total 295936K, used 295712K [0x00000000c0000000, 0x00000000d2100000, 0x00000000eab00000)
  object space 295936K, 99% used [0x00000000c0000000,0x00000000d20c81a8,0x00000000d2100000)
 Metaspace       used 61822K, committed 63168K, reserved 1114112K
  class space    used 6350K, committed 6912K, reserved 1048576K
}
Event: 33.858 GC heap before
{Heap before GC invocations=201 (full 4):
 PSYoungGen      total 18944K, used 18708K [0x00000000eab00000, 0x00000000ec500000, 0x0000000100000000)
  eden space 13824K, 100% used [0x00000000eab00000,0x00000000eb880000,0x00000000eb880000)
  from space 5120K, 95% used [0x00000000ec000000,0x00000000ec4c51e0,0x00000000ec500000)
  to   space 6144K, 0% used [0x00000000eb900000,0x00000000eb900000,0x00000000ebf00000)
 ParOldGen       total 295936K, used 295712K [0x00000000c0000000, 0x00000000d2100000, 0x00000000eab00000)
  object space 295936K, 99% used [0x00000000c0000000,0x00000000d20c81a8,0x00000000d2100000)
 Metaspace       used 61822K, committed 63168K, reserved 1114112K
  class space    used 6350K, committed 6912K, reserved 1048576K
}
Event: 33.862 GC heap after
{Heap after GC invocations=201 (full 4):
 PSYoungGen      total 20480K, used 5609K [0x00000000eab00000, 0x00000000ec680000, 0x0000000100000000)
  eden space 14336K, 0% used [0x00000000eab00000,0x00000000eab00000,0x00000000eb900000)
  from space 6144K, 91% used [0x00000000eb900000,0x00000000ebe7a730,0x00000000ebf00000)
  to   space 6144K, 0% used [0x00000000ec080000,0x00000000ec080000,0x00000000ec680000)
 ParOldGen       total 300544K, used 300478K [0x00000000c0000000, 0x00000000d2580000, 0x00000000eab00000)
  object space 300544K, 99% used [0x00000000c0000000,0x00000000d256f818,0x00000000d2580000)
 Metaspace       used 61822K, committed 63168K, reserved 1114112K
  class space    used 6350K, committed 6912K, reserved 1048576K
}
Event: 34.016 GC heap before
{Heap before GC invocations=202 (full 4):
 PSYoungGen      total 20480K, used 19945K [0x00000000eab00000, 0x00000000ec680000, 0x0000000100000000)
  eden space 14336K, 100% used [0x00000000eab00000,0x00000000eb900000,0x00000000eb900000)
  from space 6144K, 91% used [0x00000000eb900000,0x00000000ebe7a730,0x00000000ebf00000)
  to   space 6144K, 0% used [0x00000000ec080000,0x00000000ec080000,0x00000000ec680000)
 ParOldGen       total 300544K, used 300478K [0x00000000c0000000, 0x00000000d2580000, 0x00000000eab00000)
  object space 300544K, 99% used [0x00000000c0000000,0x00000000d256f818,0x00000000d2580000)
 Metaspace       used 61832K, committed 63232K, reserved 1114112K
  class space    used 6350K, committed 6912K, reserved 1048576K
}
Event: 34.021 GC heap after
{Heap after GC invocations=202 (full 4):
 PSYoungGen      total 21504K, used 4636K [0x00000000eab00000, 0x00000000ec580000, 0x0000000100000000)
  eden space 16384K, 0% used [0x00000000eab00000,0x00000000eab00000,0x00000000ebb00000)
  from space 5120K, 90% used [0x00000000ec080000,0x00000000ec507198,0x00000000ec580000)
  to   space 5120K, 0% used [0x00000000ebb80000,0x00000000ebb80000,0x00000000ec080000)
 ParOldGen       total 306176K, used 305944K [0x00000000c0000000, 0x00000000d2b00000, 0x00000000eab00000)
  object space 306176K, 99% used [0x00000000c0000000,0x00000000d2ac6120,0x00000000d2b00000)
 Metaspace       used 61832K, committed 63232K, reserved 1114112K
  class space    used 6350K, committed 6912K, reserved 1048576K
}
Event: 34.238 GC heap before
{Heap before GC invocations=203 (full 4):
 PSYoungGen      total 21504K, used 20892K [0x00000000eab00000, 0x00000000ec580000, 0x0000000100000000)
  eden space 16384K, 99% used [0x00000000eab00000,0x00000000ebae01a0,0x00000000ebb00000)
  from space 5120K, 90% used [0x00000000ec080000,0x00000000ec507198,0x00000000ec580000)
  to   space 5120K, 0% used [0x00000000ebb80000,0x00000000ebb80000,0x00000000ec080000)
 ParOldGen       total 306176K, used 305944K [0x00000000c0000000, 0x00000000d2b00000, 0x00000000eab00000)
  object space 306176K, 99% used [0x00000000c0000000,0x00000000d2ac6120,0x00000000d2b00000)
 Metaspace       used 61833K, committed 63232K, reserved 1114112K
  class space    used 6350K, committed 6912K, reserved 1048576K
}
Event: 34.248 GC heap after
{Heap after GC invocations=203 (full 4):
 PSYoungGen      total 22016K, used 5089K [0x00000000eab00000, 0x00000000edf00000, 0x0000000100000000)
  eden space 16896K, 0% used [0x00000000eab00000,0x00000000eab00000,0x00000000ebb80000)
  from space 5120K, 99% used [0x00000000ebb80000,0x00000000ec078740,0x00000000ec080000)
  to   space 17408K, 0% used [0x00000000ece00000,0x00000000ece00000,0x00000000edf00000)
 ParOldGen       total 316416K, used 316356K [0x00000000c0000000, 0x00000000d3500000, 0x00000000eab00000)
  object space 316416K, 99% used [0x00000000c0000000,0x00000000d34f1140,0x00000000d3500000)
 Metaspace       used 61833K, committed 63232K, reserved 1114112K
  class space    used 6350K, committed 6912K, reserved 1048576K
}
Event: 34.441 GC heap before
{Heap before GC invocations=204 (full 4):
 PSYoungGen      total 22016K, used 21985K [0x00000000eab00000, 0x00000000edf00000, 0x0000000100000000)
  eden space 16896K, 100% used [0x00000000eab00000,0x00000000ebb80000,0x00000000ebb80000)
  from space 5120K, 99% used [0x00000000ebb80000,0x00000000ec078740,0x00000000ec080000)
  to   space 17408K, 0% used [0x00000000ece00000,0x00000000ece00000,0x00000000edf00000)
 ParOldGen       total 316416K, used 316356K [0x00000000c0000000, 0x00000000d3500000, 0x00000000eab00000)
  object space 316416K, 99% used [0x00000000c0000000,0x00000000d34f1140,0x00000000d3500000)
 Metaspace       used 61833K, committed 63232K, reserved 1114112K
  class space    used 6350K, committed 6912K, reserved 1048576K
}
Event: 34.453 GC heap after
{Heap after GC invocations=204 (full 4):
 PSYoungGen      total 35328K, used 16841K [0x00000000eab00000, 0x00000000ee080000, 0x0000000100000000)
  eden space 17920K, 0% used [0x00000000eab00000,0x00000000eab00000,0x00000000ebc80000)
  from space 17408K, 96% used [0x00000000ece00000,0x00000000ede726c8,0x00000000edf00000)
  to   space 17920K, 0% used [0x00000000ebc80000,0x00000000ebc80000,0x00000000ece00000)
 ParOldGen       total 318976K, used 318493K [0x00000000c0000000, 0x00000000d3780000, 0x00000000eab00000)
  object space 318976K, 99% used [0x00000000c0000000,0x00000000d37075f0,0x00000000d3780000)
 Metaspace       used 61833K, committed 63232K, reserved 1114112K
  class space    used 6350K, committed 6912K, reserved 1048576K
}
Event: 34.678 GC heap before
{Heap before GC invocations=205 (full 4):
 PSYoungGen      total 35328K, used 34761K [0x00000000eab00000, 0x00000000ee080000, 0x0000000100000000)
  eden space 17920K, 100% used [0x00000000eab00000,0x00000000ebc80000,0x00000000ebc80000)
  from space 17408K, 96% used [0x00000000ece00000,0x00000000ede726c8,0x00000000edf00000)
  to   space 17920K, 0% used [0x00000000ebc80000,0x00000000ebc80000,0x00000000ece00000)
 ParOldGen       total 318976K, used 318493K [0x00000000c0000000, 0x00000000d3780000, 0x00000000eab00000)
  object space 318976K, 99% used [0x00000000c0000000,0x00000000d37075f0,0x00000000d3780000)
 Metaspace       used 61833K, committed 63232K, reserved 1114112K
  class space    used 6350K, committed 6912K, reserved 1048576K
}
Event: 34.727 GC heap after
{Heap after GC invocations=205 (full 4):
 PSYoungGen      total 35840K, used 17918K [0x00000000eab00000, 0x00000000efe80000, 0x0000000100000000)
  eden space 17920K, 0% used [0x00000000eab00000,0x00000000eab00000,0x00000000ebc80000)
  from space 17920K, 99% used [0x00000000ebc80000,0x00000000ecdffbe8,0x00000000ece00000)
  to   space 32768K, 0% used [0x00000000ede80000,0x00000000ede80000,0x00000000efe80000)
 ParOldGen       total 330752K, used 330734K [0x00000000c0000000, 0x00000000d4300000, 0x00000000eab00000)
  object space 330752K, 99% used [0x00000000c0000000,0x00000000d42fb9c8,0x00000000d4300000)
 Metaspace       used 61833K, committed 63232K, reserved 1114112K
  class space    used 6350K, committed 6912K, reserved 1048576K
}
Event: 35.296 GC heap before
{Heap before GC invocations=206 (full 4):
 PSYoungGen      total 35840K, used 35838K [0x00000000eab00000, 0x00000000efe80000, 0x0000000100000000)
  eden space 17920K, 100% used [0x00000000eab00000,0x00000000ebc80000,0x00000000ebc80000)
  from space 17920K, 99% used [0x00000000ebc80000,0x00000000ecdffbe8,0x00000000ece00000)
  to   space 32768K, 0% used [0x00000000ede80000,0x00000000ede80000,0x00000000efe80000)
 ParOldGen       total 330752K, used 330734K [0x00000000c0000000, 0x00000000d4300000, 0x00000000eab00000)
  object space 330752K, 99% used [0x00000000c0000000,0x00000000d42fb9c8,0x00000000d4300000)
 Metaspace       used 61857K, committed 63232K, reserved 1114112K
  class space    used 6350K, committed 6912K, reserved 1048576K
}
Event: 35.391 GC heap after
{Heap after GC invocations=206 (full 4):
 PSYoungGen      total 35840K, used 35838K [0x00000000eab00000, 0x00000000efe80000, 0x0000000100000000)
  eden space 17920K, 100% used [0x00000000eab00000,0x00000000ebc80000,0x00000000ebc80000)
  from space 17920K, 99% used [0x00000000ebc80000,0x00000000ecdffbe8,0x00000000ece00000)
  to   space 32768K, 42% used [0x00000000ede80000,0x00000000eec214d0,0x00000000efe80000)
 ParOldGen       total 344576K, used 344478K [0x00000000c0000000, 0x00000000d5080000, 0x00000000eab00000)
  object space 344576K, 99% used [0x00000000c0000000,0x00000000d50679a0,0x00000000d5080000)
 Metaspace       used 61857K, committed 63232K, reserved 1114112K
  class space    used 6350K, committed 6912K, reserved 1048576K
}
Event: 35.391 GC heap before
{Heap before GC invocations=207 (full 5):
 PSYoungGen      total 35840K, used 35838K [0x00000000eab00000, 0x00000000efe80000, 0x0000000100000000)
  eden space 17920K, 100% used [0x00000000eab00000,0x00000000ebc80000,0x00000000ebc80000)
  from space 17920K, 99% used [0x00000000ebc80000,0x00000000ecdffbe8,0x00000000ece00000)
  to   space 32768K, 42% used [0x00000000ede80000,0x00000000eec214d0,0x00000000efe80000)
 ParOldGen       total 344576K, used 344478K [0x00000000c0000000, 0x00000000d5080000, 0x00000000eab00000)
  object space 344576K, 99% used [0x00000000c0000000,0x00000000d50679a0,0x00000000d5080000)
 Metaspace       used 61857K, committed 63232K, reserved 1114112K
  class space    used 6350K, committed 6912K, reserved 1048576K
}
Event: 35.640 GC heap after
{Heap after GC invocations=207 (full 5):
 PSYoungGen      total 52736K, used 0K [0x00000000eab00000, 0x00000000eff00000, 0x0000000100000000)
  eden space 19968K, 0% used [0x00000000eab00000,0x00000000eab00000,0x00000000ebe80000)
  from space 32768K, 0% used [0x00000000ede80000,0x00000000ede80000,0x00000000efe80000)
  to   space 32768K, 0% used [0x00000000ebe80000,0x00000000ebe80000,0x00000000ede80000)
 ParOldGen       total 344576K, used 299997K [0x00000000c0000000, 0x00000000d5080000, 0x00000000eab00000)
  object space 344576K, 87% used [0x00000000c0000000,0x00000000d24f77d8,0x00000000d5080000)
 Metaspace       used 61857K, committed 63232K, reserved 1114112K
  class space    used 6350K, committed 6912K, reserved 1048576K
}
Event: 35.782 GC heap before
{Heap before GC invocations=208 (full 5):
 PSYoungGen      total 52736K, used 19968K [0x00000000eab00000, 0x00000000eff00000, 0x0000000100000000)
  eden space 19968K, 100% used [0x00000000eab00000,0x00000000ebe80000,0x00000000ebe80000)
  from space 32768K, 0% used [0x00000000ede80000,0x00000000ede80000,0x00000000efe80000)
  to   space 32768K, 0% used [0x00000000ebe80000,0x00000000ebe80000,0x00000000ede80000)
 ParOldGen       total 344576K, used 299997K [0x00000000c0000000, 0x00000000d5080000, 0x00000000eab00000)
  object space 344576K, 87% used [0x00000000c0000000,0x00000000d24f77d8,0x00000000d5080000)
 Metaspace       used 61913K, committed 63232K, reserved 1114112K
  class space    used 6353K, committed 6912K, reserved 1048576K
}
Event: 35.794 GC heap after
{Heap after GC invocations=208 (full 5):
 PSYoungGen      total 33280K, used 12903K [0x00000000eab00000, 0x00000000ee480000, 0x0000000100000000)
  eden space 19968K, 0% used [0x00000000eab00000,0x00000000eab00000,0x00000000ebe80000)
  from space 13312K, 96% used [0x00000000ebe80000,0x00000000ecb19f98,0x00000000ecb80000)
  to   space 19456K, 0% used [0x00000000ed180000,0x00000000ed180000,0x00000000ee480000)
 ParOldGen       total 344576K, used 300005K [0x00000000c0000000, 0x00000000d5080000, 0x00000000eab00000)
  object space 344576K, 87% used [0x00000000c0000000,0x00000000d24f97d8,0x00000000d5080000)
 Metaspace       used 61913K, committed 63232K, reserved 1114112K
  class space    used 6353K, committed 6912K, reserved 1048576K
}
Event: 36.121 GC heap before
{Heap before GC invocations=209 (full 5):
 PSYoungGen      total 33280K, used 32871K [0x00000000eab00000, 0x00000000ee480000, 0x0000000100000000)
  eden space 19968K, 100% used [0x00000000eab00000,0x00000000ebe80000,0x00000000ebe80000)
  from space 13312K, 96% used [0x00000000ebe80000,0x00000000ecb19f98,0x00000000ecb80000)
  to   space 19456K, 0% used [0x00000000ed180000,0x00000000ed180000,0x00000000ee480000)
 ParOldGen       total 344576K, used 300005K [0x00000000c0000000, 0x00000000d5080000, 0x00000000eab00000)
  object space 344576K, 87% used [0x00000000c0000000,0x00000000d24f97d8,0x00000000d5080000)
 Metaspace       used 62872K, committed 64256K, reserved 1114112K
  class space    used 6465K, committed 7040K, reserved 1048576K
}
Event: 36.133 GC heap after
{Heap after GC invocations=209 (full 5):
 PSYoungGen      total 22016K, used 1728K [0x00000000eab00000, 0x00000000ed380000, 0x0000000100000000)
  eden space 19968K, 0% used [0x00000000eab00000,0x00000000eab00000,0x00000000ebe80000)
  from space 2048K, 84% used [0x00000000ed180000,0x00000000ed330038,0x00000000ed380000)
  to   space 7168K, 0% used [0x00000000ec580000,0x00000000ec580000,0x00000000ecc80000)
 ParOldGen       total 344576K, used 304405K [0x00000000c0000000, 0x00000000d5080000, 0x00000000eab00000)
  object space 344576K, 88% used [0x00000000c0000000,0x00000000d29457d8,0x00000000d5080000)
 Metaspace       used 62872K, committed 64256K, reserved 1114112K
  class space    used 6465K, committed 7040K, reserved 1048576K
}

